make --dry-run --always-make --keep-going --print-directory
make: Entering directory `/Users/edgghaza/Desktop/minishell'
cc -Wall -Wextra -Werror -g -ggdb3 -ILibft -I/usr/local/include -c main.c -o main.o
cc -Wall -Wextra -Werror -g -ggdb3 -ILibft -I/usr/local/include -c parsutils.c -o parsutils.o
cc -Wall -Wextra -Werror -g -ggdb3 -ILibft -I/usr/local/include -c t.c -o t.o
/Applications/Xcode.app/Contents/Developer/usr/bin/make -C Libft/
make[1]: Entering directory `/Users/edgghaza/Desktop/minishell/Libft'
cc -Wall -Wextra -Werror -c ft_atoi.c -o ft_atoi.o
cc -Wall -Wextra -Werror -c ft_bzero.c -o ft_bzero.o
cc -Wall -Wextra -Werror -c ft_calloc.c -o ft_calloc.o
cc -Wall -Wextra -Werror -c ft_isalnum.c -o ft_isalnum.o
cc -Wall -Wextra -Werror -c ft_isalpha.c -o ft_isalpha.o
cc -Wall -Wextra -Werror -c ft_isascii.c -o ft_isascii.o
cc -Wall -Wextra -Werror -c ft_isdigit.c -o ft_isdigit.o
cc -Wall -Wextra -Werror -c ft_isprint.c -o ft_isprint.o
cc -Wall -Wextra -Werror -c ft_itoa.c -o ft_itoa.o
cc -Wall -Wextra -Werror -c ft_lstadd_back.c -o ft_lstadd_back.o
cc -Wall -Wextra -Werror -c ft_lstadd_front.c -o ft_lstadd_front.o
cc -Wall -Wextra -Werror -c ft_lstclear.c -o ft_lstclear.o
cc -Wall -Wextra -Werror -c ft_lstdelone.c -o ft_lstdelone.o
cc -Wall -Wextra -Werror -c ft_lstiter.c -o ft_lstiter.o
cc -Wall -Wextra -Werror -c ft_lstlast.c -o ft_lstlast.o
cc -Wall -Wextra -Werror -c ft_lstmap.c -o ft_lstmap.o
cc -Wall -Wextra -Werror -c ft_lstnew.c -o ft_lstnew.o
cc -Wall -Wextra -Werror -c ft_lstsize.c -o ft_lstsize.o
cc -Wall -Wextra -Werror -c ft_memchr.c -o ft_memchr.o
cc -Wall -Wextra -Werror -c ft_memcmp.c -o ft_memcmp.o
cc -Wall -Wextra -Werror -c ft_memcpy.c -o ft_memcpy.o
cc -Wall -Wextra -Werror -c ft_memmove.c -o ft_memmove.o
cc -Wall -Wextra -Werror -c ft_memset.c -o ft_memset.o
cc -Wall -Wextra -Werror -c ft_putchar_fd.c -o ft_putchar_fd.o
cc -Wall -Wextra -Werror -c ft_putendl_fd.c -o ft_putendl_fd.o
cc -Wall -Wextra -Werror -c ft_putnbr_fd.c -o ft_putnbr_fd.o
cc -Wall -Wextra -Werror -c ft_putstr_fd.c -o ft_putstr_fd.o
cc -Wall -Wextra -Werror -c ft_split.c -o ft_split.o
cc -Wall -Wextra -Werror -c ft_strchr.c -o ft_strchr.o
cc -Wall -Wextra -Werror -c ft_strdup.c -o ft_strdup.o
cc -Wall -Wextra -Werror -c ft_striteri.c -o ft_striteri.o
cc -Wall -Wextra -Werror -c ft_strjoin.c -o ft_strjoin.o
cc -Wall -Wextra -Werror -c ft_strlcat.c -o ft_strlcat.o
cc -Wall -Wextra -Werror -c ft_strlcpy.c -o ft_strlcpy.o
cc -Wall -Wextra -Werror -c ft_strlen.c -o ft_strlen.o
cc -Wall -Wextra -Werror -c ft_strmapi.c -o ft_strmapi.o
cc -Wall -Wextra -Werror -c ft_strncmp.c -o ft_strncmp.o
cc -Wall -Wextra -Werror -c ft_strnstr.c -o ft_strnstr.o
cc -Wall -Wextra -Werror -c ft_strrchr.c -o ft_strrchr.o
cc -Wall -Wextra -Werror -c ft_strtrim.c -o ft_strtrim.o
cc -Wall -Wextra -Werror -c ft_substr.c -o ft_substr.o
cc -Wall -Wextra -Werror -c ft_tolower.c -o ft_tolower.o
cc -Wall -Wextra -Werror -c ft_toupper.c -o ft_toupper.o
ar rcs libft.a ft_atoi.o ft_bzero.o ft_calloc.o ft_isalnum.o ft_isalpha.o ft_isascii.o ft_isdigit.o ft_isprint.o ft_itoa.o ft_lstadd_back.o ft_lstadd_front.o ft_lstclear.o ft_lstdelone.o ft_lstiter.o ft_lstlast.o ft_lstmap.o ft_lstnew.o ft_lstsize.o ft_memchr.o ft_memcmp.o ft_memcpy.o ft_memmove.o ft_memset.o ft_putchar_fd.o ft_putendl_fd.o ft_putnbr_fd.o ft_putstr_fd.o ft_split.o ft_strchr.o ft_strdup.o ft_striteri.o ft_strjoin.o ft_strlcat.o ft_strlcpy.o ft_strlen.o ft_strmapi.o ft_strncmp.o ft_strnstr.o ft_strrchr.o ft_strtrim.o ft_substr.o ft_tolower.o ft_toupper.o
make[1]: Leaving directory `/Users/edgghaza/Desktop/minishell/Libft'
cc -Wall -Wextra -Werror -g -ggdb3 -lft -lreadline -L./Libft -ILibft -I/usr/local/include main.o parsutils.o t.o -o minishell
echo "\033[1;31m Minishel created \033[0m"
make: Leaving directory `/Users/edgghaza/Desktop/minishell'
 
